<?xml version="1.0" encoding="UTF-8"?>
<!-- Generated by org.testng.reporters.JUnitReportReporter -->
<testsuite hostname="Kirill" failures="0" tests="1" name="com.epam.testng.tests.SubOfLongValuesCalcTest" time="0.001" errors="0" timestamp="2020-04-13T22:12:04 MSK" skipped="0">
  <testcase classname="com.epam.testng.tests.SubOfLongValuesCalcTest" name="subOfTwoLongValues" time="0.001"/>
</testsuite> <!-- com.epam.testng.tests.SubOfLongValuesCalcTest -->
